<?xml version="1.0" encoding="UTF-8"?>
<!-- Generated by org.testng.reporters.JUnitXMLReporter -->
<testsuite hostname="NDE-54211342" ignored="0" name="AllocationLogic_DRSClosed_PAOnBoarded" tests="1" failures="1" timestamp="08 Nov 2019 06:53:43 GMT" time="152.465" errors="0">
  <testcase name="toAllPAs" time="29.18" classname="com.hybridFramework.RMS.allocationLogic_viaAssistMe.DRSClose_PAOnBoarded">
    <failure type="java.lang.NullPointerException">
      <![CDATA[java.lang.NullPointerException
at org.openqa.selenium.support.pagefactory.internal.LocatingElementHandler.invoke(LocatingElementHandler.java:51)
at com.sun.proxy.$Proxy11.isDisplayed(Unknown Source)
at org.openqa.selenium.support.ui.ExpectedConditions.elementIfVisible(ExpectedConditions.java:315)
at org.openqa.selenium.support.ui.ExpectedConditions.access$100(ExpectedConditions.java:44)
at org.openqa.selenium.support.ui.ExpectedConditions$10.apply(ExpectedConditions.java:301)
at org.openqa.selenium.support.ui.ExpectedConditions$10.apply(ExpectedConditions.java:298)
at org.openqa.selenium.support.ui.ExpectedConditions$23.apply(ExpectedConditions.java:686)
at org.openqa.selenium.support.ui.ExpectedConditions$23.apply(ExpectedConditions.java:682)
at org.openqa.selenium.support.ui.FluentWait.until(FluentWait.java:248)
at com.hybridFramework.testBase.TestBase.waitForElement(TestBase.java:204)
at com.hybridFramework.PageObject.AssistMeFormPage.waitForThankYouText(AssistMeFormPage.java:114)
at com.hybridFramework.Generic.GenericMethods.fillAndSubmitAssistMeForm(GenericMethods.java:182)
at com.hybridFramework.RMS.allocationLogic_viaAssistMe.DRSClose_PAOnBoarded.toAllPAs(DRSClose_PAOnBoarded.java:31)
... Removed 29 stack frames]]>
    </failure>
  </testcase> <!-- toAllPAs -->
</testsuite> <!-- AllocationLogic_DRSClosed_PAOnBoarded -->
