<?xml version="1.0" encoding="UTF-8"?>
<!-- Generated by org.testng.reporters.JUnitXMLReporter -->
<testsuite hostname="NDE-54211342" ignored="0" name="AllocationLogic_DRSOpen_PAOnBoarded" tests="1" failures="1" timestamp="22 Nov 2019 09:07:39 GMT" time="1523.148" errors="0">
  <testcase name="toAllPAs" time="1412.972" classname="com.hybridFramework.RMS.allocationLogic_viaAssistMe.DRSOpen_PAOnBoarded">
    <failure type="org.openqa.selenium.ElementClickInterceptedException" message="element click intercepted: Element &amp;lt;button ng-if=&amp;quot;::c.showOrderNowButton()&amp;quot; tabindex=&amp;quot;0&amp;quot; name=&amp;quot;submit&amp;quot; ng-disabled=&amp;quot;submitted&amp;quot; ng-click=&amp;quot;triggerOn...()&amp;quot; class=&amp;quot;btn btn-primary ng-binding ng-scope&amp;quot;&amp;gt;Submit&amp;lt;/button&amp;gt; is not clickable at point (109, 586). Other element would receive the click: &amp;lt;div id=&amp;quot;select2-drop-mask&amp;quot; class=&amp;quot;select2-drop-mask&amp;quot; style=&amp;quot;display: block;&amp;quot;&amp;gt;&amp;lt;/div&amp;gt;
  (Session info: chrome=78.0.3904.97)
Build info: version: &amp;apos;3.13.0&amp;apos;, revision: &amp;apos;2f0d292&amp;apos;, time: &amp;apos;2018-06-25T15:24:21.231Z&amp;apos;
System info: host: &amp;apos;NDE-54211342&amp;apos;, ip: &amp;apos;10.187.51.121&amp;apos;, os.name: &amp;apos;Windows 10&amp;apos;, os.arch: &amp;apos;amd64&amp;apos;, os.version: &amp;apos;10.0&amp;apos;, java.version: &amp;apos;1.8.0_144&amp;apos;
Driver info: org.openqa.selenium.chrome.ChromeDriver
Capabilities {acceptInsecureCerts: true, browserName: chrome, browserVersion: 78.0.3904.97, chrome: {chromedriverVersion: 78.0.3904.70 (edb9c9f3de024..., userDataDir: C:\Users\SHARMA~1\AppData\L...}, goog:chromeOptions: {debuggerAddress: localhost:59393}, javascriptEnabled: true, networkConnectionEnabled: false, pageLoadStrategy: normal, platform: XP, platformName: XP, proxy: Proxy(), setWindowRect: true, strictFileInteractability: false, timeouts: {implicit: 0, pageLoad: 300000, script: 30000}, unhandledPromptBehavior: accept}
Session ID: c4916fd4940616a619cc6abb890701db">
      <![CDATA[org.openqa.selenium.ElementClickInterceptedException: element click intercepted: Element <button ng-if="::c.showOrderNowButton()" tabindex="0" name="submit" ng-disabled="submitted" ng-click="triggerOn...()" class="btn btn-primary ng-binding ng-scope">Submit</button> is not clickable at point (109, 586). Other element would receive the click: <div id="select2-drop-mask" class="select2-drop-mask" style="display: block;"></div>
  (Session info: chrome=78.0.3904.97)
Build info: version: '3.13.0', revision: '2f0d292', time: '2018-06-25T15:24:21.231Z'
System info: host: 'NDE-54211342', ip: '10.187.51.121', os.name: 'Windows 10', os.arch: 'amd64', os.version: '10.0', java.version: '1.8.0_144'
Driver info: org.openqa.selenium.chrome.ChromeDriver
Capabilities {acceptInsecureCerts: true, browserName: chrome, browserVersion: 78.0.3904.97, chrome: {chromedriverVersion: 78.0.3904.70 (edb9c9f3de024..., userDataDir: C:\Users\SHARMA~1\AppData\L...}, goog:chromeOptions: {debuggerAddress: localhost:59393}, javascriptEnabled: true, networkConnectionEnabled: false, pageLoadStrategy: normal, platform: XP, platformName: XP, proxy: Proxy(), setWindowRect: true, strictFileInteractability: false, timeouts: {implicit: 0, pageLoad: 300000, script: 30000}, unhandledPromptBehavior: accept}
Session ID: c4916fd4940616a619cc6abb890701db
at org.openqa.selenium.remote.http.W3CHttpResponseCodec.createException(W3CHttpResponseCodec.java:187)
at org.openqa.selenium.remote.http.W3CHttpResponseCodec.decode(W3CHttpResponseCodec.java:122)
at org.openqa.selenium.remote.http.W3CHttpResponseCodec.decode(W3CHttpResponseCodec.java:49)
at org.openqa.selenium.remote.HttpCommandExecutor.execute(HttpCommandExecutor.java:158)
at org.openqa.selenium.remote.service.DriverCommandExecutor.execute(DriverCommandExecutor.java:83)
at org.openqa.selenium.remote.RemoteWebDriver.execute(RemoteWebDriver.java:548)
at org.openqa.selenium.remote.RemoteWebElement.execute(RemoteWebElement.java:276)
at org.openqa.selenium.remote.RemoteWebElement.click(RemoteWebElement.java:83)
at org.openqa.selenium.support.pagefactory.internal.LocatingElementHandler.invoke(LocatingElementHandler.java:51)
at com.sun.proxy.$Proxy11.click(Unknown Source)
at com.hybridFramework.PageObject.AssistMeFormPage.clickOnSubmitButton(AssistMeFormPage.java:81)
at com.hybridFramework.Generic.GenericMethods.fillAndSubmitAssistMeForm(GenericMethods.java:185)
at com.hybridFramework.RMS.allocationLogic_viaAssistMe.DRSOpen_PAOnBoarded.toAllPAs(DRSOpen_PAOnBoarded.java:31)
... Removed 32 stack frames]]>
    </failure>
  </testcase> <!-- toAllPAs -->
</testsuite> <!-- AllocationLogic_DRSOpen_PAOnBoarded -->
