<?xml version="1.0" encoding="UTF-8"?>
<!-- Generated by org.testng.reporters.JUnitXMLReporter -->
<testsuite hostname="NDE-54211342" ignored="0" name="AllocationLogic_DRSOpen_PANotOnBoarded" tests="1" failures="1" timestamp="04 Dec 2019 15:18:10 GMT" time="258.908" errors="0">
  <testcase name="toAllPAs" time="221.033" classname="com.hybridFramework.RMS.allocationLogic_viaAssistMe.DRSOpen_Closed_PANotOnBoarded">
    <failure type="java.lang.AssertionError" message="Requester email is not verified! expected [Aaronson.Matt@bcg.com] but found [Sharma.Sushobhit@bcg.com]">
      <![CDATA[java.lang.AssertionError: Requester email is not verified! expected [Aaronson.Matt@bcg.com] but found [Sharma.Sushobhit@bcg.com]
at com.hybridFramework.PageObject.DispatchedRequestsPage.verifyAcknowledgementEmailTo1(DispatchedRequestsPage.java:60)
at com.hybridFramework.Generic.GenericMethods.verifyActivityTabRequesterDetailsAndEmails(GenericMethods.java:243)
at com.hybridFramework.RMS.allocationLogic_viaAssistMe.DRSOpen_Closed_PANotOnBoarded.toAllPAs(DRSOpen_Closed_PANotOnBoarded.java:44)
... Removed 30 stack frames]]>
    </failure>
  </testcase> <!-- toAllPAs -->
</testsuite> <!-- AllocationLogic_DRSOpen_PANotOnBoarded -->
