<?xml version="1.0" encoding="UTF-8"?>
<!-- Generated by org.testng.reporters.JUnitXMLReporter -->
<testsuite hostname="NDE-54211342" ignored="0" name="allocationLogic_PAMail" tests="1" failures="1" timestamp="11 Nov 2019 08:57:33 GMT" time="394.407" errors="0">
  <testcase name="toOnBoardedPAs" time="269.339" classname="com.hybridFramework.RMS.allocationLogic_PAMailbox.DRSOpen_PAOnBoarded">
    <failure type="java.lang.AssertionError" message="expected [Research Center Mailbox] but found [PA Mailbox]">
      <![CDATA[java.lang.AssertionError: expected [Research Center Mailbox] but found [PA Mailbox]
at com.hybridFramework.Generic.DRSSpecific.verifyReqDetails_DRS(DRSSpecific.java:16)
at com.hybridFramework.RMS.allocationLogic_PAMailbox.DRSOpen_PAOnBoarded.toOnBoardedPAs(DRSOpen_PAOnBoarded.java:40)
... Removed 31 stack frames]]>
    </failure>
  </testcase> <!-- toOnBoardedPAs -->
</testsuite> <!-- allocationLogic_PAMail -->
