<?xml version="1.0" encoding="UTF-8"?>
<!-- Generated by org.testng.reporters.JUnitXMLReporter -->
<testsuite hostname="NDE-54211342" ignored="0" name="MultipleRoutingWithinPAKT" tests="1" failures="1" timestamp="22 Aug 2019 08:46:06 GMT" time="180.482" errors="0">
  <testcase name="multipleRoutingWithinPAKT" time="160.147" classname="com.hybridFramework.RMS.multipleRoutingWithinPAKT.MLRwithinPAKT">
    <failure type="java.lang.NullPointerException">
      <![CDATA[java.lang.NullPointerException
at com.hybridFramework.PageObject.ImpersonateUserPopUpPage.typeUserNameinUserTxtBoxAndPressEnter(ImpersonateUserPopUpPage.java:32)
at com.hybridFramework.Generic.GenericMethods.impersonateuser(GenericMethods.java:28)
at com.hybridFramework.RMS.multipleRoutingWithinPAKT.MLRwithinPAKT.multipleRoutingWithinPAKT(MLRwithinPAKT.java:53)
... Removed 25 stack frames]]>
    </failure>
  </testcase> <!-- multipleRoutingWithinPAKT -->
</testsuite> <!-- MultipleRoutingWithinPAKT -->
