<?xml version="1.0" encoding="UTF-8"?>
<!-- Generated by org.testng.reporters.JUnitXMLReporter -->
<testsuite hostname="NDE-54211342" ignored="0" name="SingleRoutingFromDRS" tests="1" failures="1" timestamp="25 Sep 2019 08:13:01 GMT" time="314.278" errors="0">
  <testcase name="SingleRoutingfromDRStoPaOnBoarded" time="276.136" classname="com.hybridFramework.RMS.singleRoutingFromDRS.ToRMSOnBoardedPAKT">
    <failure type="org.openqa.selenium.WebDriverException" message="chrome not reachable
  (Session info: chrome=77.0.3865.90)
Build info: version: &amp;apos;3.13.0&amp;apos;, revision: &amp;apos;2f0d292&amp;apos;, time: &amp;apos;2018-06-25T15:24:21.231Z&amp;apos;
System info: host: &amp;apos;NDE-54211342&amp;apos;, ip: &amp;apos;10.187.53.244&amp;apos;, os.name: &amp;apos;Windows 10&amp;apos;, os.arch: &amp;apos;amd64&amp;apos;, os.version: &amp;apos;10.0&amp;apos;, java.version: &amp;apos;1.8.0_144&amp;apos;
Driver info: org.openqa.selenium.chrome.ChromeDriver
Capabilities {acceptInsecureCerts: true, browserName: chrome, browserVersion: 77.0.3865.90, chrome: {chromedriverVersion: 76.0.3809.68 (420c9498db8ce..., userDataDir: C:\Users\SHARMA~1\AppData\L...}, goog:chromeOptions: {debuggerAddress: localhost:60119}, javascriptEnabled: true, networkConnectionEnabled: false, pageLoadStrategy: normal, platform: XP, platformName: XP, proxy: Proxy(), setWindowRect: true, strictFileInteractability: false, timeouts: {implicit: 0, pageLoad: 300000, script: 30000}, unhandledPromptBehavior: accept}
Session ID: 3dfdea7703d480e528c43bcacc9d72e9
*** Element info: {Using=xpath, value=//div[@class=&amp;apos;breadcrumb_container&amp;apos;]//a[contains(@id,&amp;apos;filter_toggle_image&amp;apos;)]}">
      <![CDATA[org.openqa.selenium.WebDriverException: chrome not reachable
  (Session info: chrome=77.0.3865.90)
Build info: version: '3.13.0', revision: '2f0d292', time: '2018-06-25T15:24:21.231Z'
System info: host: 'NDE-54211342', ip: '10.187.53.244', os.name: 'Windows 10', os.arch: 'amd64', os.version: '10.0', java.version: '1.8.0_144'
Driver info: org.openqa.selenium.chrome.ChromeDriver
Capabilities {acceptInsecureCerts: true, browserName: chrome, browserVersion: 77.0.3865.90, chrome: {chromedriverVersion: 76.0.3809.68 (420c9498db8ce..., userDataDir: C:\Users\SHARMA~1\AppData\L...}, goog:chromeOptions: {debuggerAddress: localhost:60119}, javascriptEnabled: true, networkConnectionEnabled: false, pageLoadStrategy: normal, platform: XP, platformName: XP, proxy: Proxy(), setWindowRect: true, strictFileInteractability: false, timeouts: {implicit: 0, pageLoad: 300000, script: 30000}, unhandledPromptBehavior: accept}
Session ID: 3dfdea7703d480e528c43bcacc9d72e9
*** Element info: {Using=xpath, value=//div[@class='breadcrumb_container']//a[contains(@id,'filter_toggle_image')]}
at org.openqa.selenium.remote.http.W3CHttpResponseCodec.createException(W3CHttpResponseCodec.java:187)
at org.openqa.selenium.remote.http.W3CHttpResponseCodec.decode(W3CHttpResponseCodec.java:122)
at org.openqa.selenium.remote.http.W3CHttpResponseCodec.decode(W3CHttpResponseCodec.java:49)
at org.openqa.selenium.remote.HttpCommandExecutor.execute(HttpCommandExecutor.java:158)
at org.openqa.selenium.remote.service.DriverCommandExecutor.execute(DriverCommandExecutor.java:83)
at org.openqa.selenium.remote.RemoteWebDriver.execute(RemoteWebDriver.java:548)
at org.openqa.selenium.remote.RemoteWebDriver.findElement(RemoteWebDriver.java:322)
at org.openqa.selenium.remote.RemoteWebDriver.findElementByXPath(RemoteWebDriver.java:424)
at org.openqa.selenium.By$ByXPath.findElement(By.java:353)
at org.openqa.selenium.remote.RemoteWebDriver.findElement(RemoteWebDriver.java:314)
at org.openqa.selenium.support.pagefactory.DefaultElementLocator.findElement(DefaultElementLocator.java:69)
at org.openqa.selenium.support.pagefactory.internal.LocatingElementHandler.invoke(LocatingElementHandler.java:38)
at com.sun.proxy.$Proxy11.toString(Unknown Source)
at java.lang.String.valueOf(String.java:2994)
at java.lang.StringBuilder.append(StringBuilder.java:131)
at com.hybridFramework.testBase.TestBase.clickOnElement(TestBase.java:342)
at com.hybridFramework.PageObject.IntakePage.clickOnFilterIcon(IntakePage.java:60)
at com.hybridFramework.Generic.GenericMethods.selectFirstRequestFromTheList(GenericMethods.java:154)
at com.hybridFramework.RMS.singleRoutingFromDRS.ToRMSOnBoardedPAKT.SingleRoutingfromDRStoPaOnBoarded(ToRMSOnBoardedPAKT.java:50)
... Removed 29 stack frames]]>
    </failure>
  </testcase> <!-- SingleRoutingfromDRStoPaOnBoarded -->
</testsuite> <!-- SingleRoutingFromDRS -->
