<?xml version="1.0" encoding="UTF-8"?>
<!-- Generated by org.testng.reporters.JUnitXMLReporter -->
<testsuite hostname="NDE-54211342" ignored="0" name="ViaMailBox_RDEs" tests="1" failures="1" timestamp="08 Nov 2019 04:46:33 GMT" time="295.713" errors="0">
  <testcase name="viaMailboxtoRDEs_TC_01_02_03_04" time="253.8" classname="com.hybridFramework.RMS.allocationLogicForRDEs_AssistMe.ViaMailBox">
    <failure type="org.openqa.selenium.ElementNotInteractableException" message="element not interactable
  (Session info: chrome=78.0.3904.87)
Build info: version: &amp;apos;3.13.0&amp;apos;, revision: &amp;apos;2f0d292&amp;apos;, time: &amp;apos;2018-06-25T15:24:21.231Z&amp;apos;
System info: host: &amp;apos;NDE-54211342&amp;apos;, ip: &amp;apos;10.187.67.73&amp;apos;, os.name: &amp;apos;Windows 10&amp;apos;, os.arch: &amp;apos;amd64&amp;apos;, os.version: &amp;apos;10.0&amp;apos;, java.version: &amp;apos;1.8.0_144&amp;apos;
Driver info: org.openqa.selenium.chrome.ChromeDriver
Capabilities {acceptInsecureCerts: true, browserName: chrome, browserVersion: 78.0.3904.87, chrome: {chromedriverVersion: 78.0.3904.70 (edb9c9f3de024..., userDataDir: C:\Users\SHARMA~1\AppData\L...}, goog:chromeOptions: {debuggerAddress: localhost:55955}, javascriptEnabled: true, networkConnectionEnabled: false, pageLoadStrategy: normal, platform: XP, platformName: XP, proxy: Proxy(), setWindowRect: true, strictFileInteractability: false, timeouts: {implicit: 0, pageLoad: 300000, script: 30000}, unhandledPromptBehavior: accept}
Session ID: 8a45615e4e1835dc679b6ecb69e90cf2">
      <![CDATA[org.openqa.selenium.ElementNotInteractableException: element not interactable
  (Session info: chrome=78.0.3904.87)
Build info: version: '3.13.0', revision: '2f0d292', time: '2018-06-25T15:24:21.231Z'
System info: host: 'NDE-54211342', ip: '10.187.67.73', os.name: 'Windows 10', os.arch: 'amd64', os.version: '10.0', java.version: '1.8.0_144'
Driver info: org.openqa.selenium.chrome.ChromeDriver
Capabilities {acceptInsecureCerts: true, browserName: chrome, browserVersion: 78.0.3904.87, chrome: {chromedriverVersion: 78.0.3904.70 (edb9c9f3de024..., userDataDir: C:\Users\SHARMA~1\AppData\L...}, goog:chromeOptions: {debuggerAddress: localhost:55955}, javascriptEnabled: true, networkConnectionEnabled: false, pageLoadStrategy: normal, platform: XP, platformName: XP, proxy: Proxy(), setWindowRect: true, strictFileInteractability: false, timeouts: {implicit: 0, pageLoad: 300000, script: 30000}, unhandledPromptBehavior: accept}
Session ID: 8a45615e4e1835dc679b6ecb69e90cf2
at org.openqa.selenium.remote.http.W3CHttpResponseCodec.createException(W3CHttpResponseCodec.java:187)
at org.openqa.selenium.remote.http.W3CHttpResponseCodec.decode(W3CHttpResponseCodec.java:122)
at org.openqa.selenium.remote.http.W3CHttpResponseCodec.decode(W3CHttpResponseCodec.java:49)
at org.openqa.selenium.remote.HttpCommandExecutor.execute(HttpCommandExecutor.java:158)
at org.openqa.selenium.remote.service.DriverCommandExecutor.execute(DriverCommandExecutor.java:83)
at org.openqa.selenium.remote.RemoteWebDriver.execute(RemoteWebDriver.java:548)
at org.openqa.selenium.remote.RemoteWebElement.execute(RemoteWebElement.java:276)
at org.openqa.selenium.remote.RemoteWebElement.sendKeys(RemoteWebElement.java:100)
at com.hybridFramework.Generic.GenericMethods.applySubjectFilter_Email(GenericMethods.java:56)
at com.hybridFramework.RMS.allocationLogicForRDEs_AssistMe.ViaMailBox.viaMailboxtoRDEs_TC_01_02_03_04(ViaMailBox.java:38)
... Removed 29 stack frames]]>
    </failure>
  </testcase> <!-- viaMailboxtoRDEs_TC_01_02_03_04 -->
</testsuite> <!-- ViaMailBox_RDEs -->
