<?xml version="1.0" encoding="UTF-8"?>
<testng-results skipped="0" failed="0" ignored="0" total="1" passed="1">
  <reporter-output>
  </reporter-output>
  <suite name="Default suite" duration-ms="19009" started-at="2021-08-22T06:59:11Z" finished-at="2021-08-22T06:59:30Z">
    <groups>
    </groups>
    <test name="Default test" duration-ms="19009" started-at="2021-08-22T06:59:11Z" finished-at="2021-08-22T06:59:30Z">
      <class name="com.hybridFramework.Devops.TestForBookStoreLogin">
        <test-method status="PASS" signature="launchBrowser()[pri:0, instance:com.hybridFramework.Devops.TestForBookStoreLogin@10feca44]" name="launchBrowser" is-config="true" duration-ms="1918" started-at="2021-08-22T06:59:11Z" finished-at="2021-08-22T06:59:13Z">
          <reporter-output>
          </reporter-output>
        </test-method> <!-- launchBrowser -->
        <test-method status="PASS" signature="initializeObject()[pri:0, instance:com.hybridFramework.Devops.TestForBookStoreLogin@10feca44]" name="initializeObject" is-config="true" duration-ms="52" started-at="2021-08-22T06:59:13Z" finished-at="2021-08-22T06:59:13Z">
          <reporter-output>
          </reporter-output>
        </test-method> <!-- initializeObject -->
        <test-method status="PASS" signature="beforeMethod(java.lang.reflect.Method)[pri:0, instance:com.hybridFramework.Devops.TestForBookStoreLogin@10feca44]" name="beforeMethod" is-config="true" duration-ms="1533" started-at="2021-08-22T06:59:13Z" finished-at="2021-08-22T06:59:14Z">
          <params>
            <param index="0">
              <value>
                <![CDATA[public void com.hybridFramework.Devops.TestForBookStoreLogin.TestForRegisterAUserAndLogin() throws java.lang.Exception]]>
              </value>
            </param>
          </params>
          <reporter-output>
          </reporter-output>
        </test-method> <!-- beforeMethod -->
        <test-method status="PASS" signature="TestForRegisterAUserAndLogin()[pri:0, instance:com.hybridFramework.Devops.TestForBookStoreLogin@10feca44]" name="TestForRegisterAUserAndLogin" duration-ms="14599" started-at="2021-08-22T06:59:14Z" finished-at="2021-08-22T06:59:29Z">
          <reporter-output>
          </reporter-output>
        </test-method> <!-- TestForRegisterAUserAndLogin -->
        <test-method status="PASS" signature="afterMethod(org.testng.ITestResult)[pri:0, instance:com.hybridFramework.Devops.TestForBookStoreLogin@10feca44]" name="afterMethod" is-config="true" duration-ms="1" started-at="2021-08-22T06:59:29Z" finished-at="2021-08-22T06:59:29Z">
          <params>
            <param index="0">
              <value>
                <![CDATA[[TestResult name=TestForRegisterAUserAndLogin status=SUCCESS method=TestForBookStoreLogin.TestForRegisterAUserAndLogin()[pri:0, instance:com.hybridFramework.Devops.TestForBookStoreLogin@10feca44] output={null}]]]>
              </value>
            </param>
          </params>
          <reporter-output>
          </reporter-output>
        </test-method> <!-- afterMethod -->
        <test-method status="PASS" signature="endTest()[pri:0, instance:com.hybridFramework.Devops.TestForBookStoreLogin@10feca44]" name="endTest" is-config="true" duration-ms="873" started-at="2021-08-22T06:59:29Z" finished-at="2021-08-22T06:59:30Z">
          <reporter-output>
          </reporter-output>
        </test-method> <!-- endTest -->
      </class> <!-- com.hybridFramework.Devops.TestForBookStoreLogin -->
    </test> <!-- Default test -->
  </suite> <!-- Default suite -->
</testng-results>
