<?xml version="1.0" encoding="UTF-8"?>
<!-- Generated by org.testng.reporters.JUnitReportReporter -->
<testsuite skipped="0" hostname="NDE-54211342" name="com.hybridFramework.RMS.multipleRoutingWithinPAKT.MLRwithinPAKT" tests="1" failures="0" timestamp="22 Aug 2019 08:46:06 GMT" time="173.732" errors="1">
  <testcase name="multipleRoutingWithinPAKT" time="173.732" classname="com.hybridFramework.RMS.multipleRoutingWithinPAKT.MLRwithinPAKT">
    <error type="java.lang.NullPointerException">
      <![CDATA[java.lang.NullPointerException
at com.hybridFramework.PageObject.ImpersonateUserPopUpPage.typeUserNameinUserTxtBoxAndPressEnter(ImpersonateUserPopUpPage.java:32)
at com.hybridFramework.Generic.GenericMethods.impersonateuser(GenericMethods.java:28)
at com.hybridFramework.RMS.multipleRoutingWithinPAKT.MLRwithinPAKT.multipleRoutingWithinPAKT(MLRwithinPAKT.java:53)
at sun.reflect.NativeMethodAccessorImpl.invoke0(Native Method)
at sun.reflect.NativeMethodAccessorImpl.invoke(NativeMethodAccessorImpl.java:62)
at sun.reflect.DelegatingMethodAccessorImpl.invoke(DelegatingMethodAccessorImpl.java:43)
at java.lang.reflect.Method.invoke(Method.java:498)
at org.testng.internal.MethodInvocationHelper.invokeMethod(MethodInvocationHelper.java:124)
at org.testng.internal.Invoker.invokeMethod(Invoker.java:580)
at org.testng.internal.Invoker.invokeTestMethod(Invoker.java:716)
at org.testng.internal.Invoker.invokeTestMethods(Invoker.java:988)
at org.testng.internal.TestMethodWorker.invokeTestMethods(TestMethodWorker.java:125)
at org.testng.internal.TestMethodWorker.run(TestMethodWorker.java:109)
at org.testng.TestRunner.privateRun(TestRunner.java:648)
at org.testng.TestRunner.run(TestRunner.java:505)
at org.testng.SuiteRunner.runTest(SuiteRunner.java:455)
at org.testng.SuiteRunner.runSequentially(SuiteRunner.java:450)
at org.testng.SuiteRunner.privateRun(SuiteRunner.java:415)
at org.testng.SuiteRunner.run(SuiteRunner.java:364)
at org.testng.SuiteRunnerWorker.runSuite(SuiteRunnerWorker.java:52)
at org.testng.SuiteRunnerWorker.run(SuiteRunnerWorker.java:84)
at org.testng.TestNG.runSuitesSequentially(TestNG.java:1208)
at org.testng.TestNG.runSuitesLocally(TestNG.java:1137)
at org.testng.TestNG.runSuites(TestNG.java:1049)
at org.testng.TestNG.run(TestNG.java:1017)
at org.testng.remote.AbstractRemoteTestNG.run(AbstractRemoteTestNG.java:114)
at org.testng.remote.RemoteTestNG.initAndRun(RemoteTestNG.java:251)
at org.testng.remote.RemoteTestNG.main(RemoteTestNG.java:77)
]]>
    </error>
  </testcase> <!-- multipleRoutingWithinPAKT -->
</testsuite> <!-- com.hybridFramework.RMS.multipleRoutingWithinPAKT.MLRwithinPAKT -->
